{'affine_hids': [256, 256],
 'batch_size': 60,
 'class_weights': [1],
 'clip_gradient': 1,
 'coupling_hids': [256, 256],
 'dataset': 'questions',
 'decay_rate': 0.5,
 'decay_steps': 10000,
 'dfile': './data/water.pkl',
 'dimension': 9,
 'epochs': 500,
 'exp_dir': './exp/water',
 'gfile': None,
 'gpu': '0',
 'lambda_mse': 0.0,
 'lambda_nll': 1.0,
 'lambda_xent': 1.0,
 'layer_cfg': ['ML', 'LR', 'CP2'],
 'linear_hids': [256, 256],
 'linear_rank': -1,
 'lr': 0.001,
 'model': 'acflow_classifier',
 'n_classes': 2,
 'n_components': 40,
 'num_samples': 10,
 'optimizer': 'adam',
 'prior': 'autoreg',
 'prior_hids': [256, 256],
 'prior_layers': 2,
 'prior_units': 256,
 'rnncp_layers': 2,
 'rnncp_units': 256,
 'seed': 123,
 'summ_freq': 100,
 'transform': ['AF', 'TL', 'TL', 'TL', 'TL', 'AF']}
From scripts/train_model.py:34: The name tf.set_random_seed is deprecated. Please use tf.compat.v1.set_random_seed instead.

From scripts/train_model.py:36: The name tf.ConfigProto is deprecated. Please use tf.compat.v1.ConfigProto instead.

From scripts/train_model.py:40: The name tf.Session is deprecated. Please use tf.compat.v1.Session instead.

From F:\annoconda\envs\tf1.15\lib\site-packages\tensorflow_core\python\data\util\random_seed.py:58: where (from tensorflow.python.ops.array_ops) is deprecated and will be removed in a future version.
Instructions for updating:
Use tf.where in 2.0, which has the same broadcast rule as np.where
From C:\Users\wanyong\Desktop\models\water_imputation\datasets\questions.py:54: py_func (from tensorflow.python.ops.script_ops) is deprecated and will be removed in a future version.
Instructions for updating:
tf.py_func is deprecated in TF V2. Instead, there are two
    options available in V2.
    - tf.py_function takes a python function which manipulates tf eager
    tensors instead of numpy arrays. It's easy to convert a tf eager tensor to
    an ndarray (just call tensor.numpy()) but having access to eager tensors
    means `tf.py_function`s can use accelerators such as GPUs as well as
    being differentiable using a gradient tape.
    - tf.numpy_function maintains the semantics of the deprecated tf.py_func
    (it is not differentiable, and manipulates numpy arrays). It drops the
    stateful argument making all functions stateful.
    
From C:\Users\wanyong\Desktop\models\water_imputation\datasets\questions.py:59: DatasetV1.make_initializable_iterator (from tensorflow.python.data.ops.dataset_ops) is deprecated and will be removed in a future version.
Instructions for updating:
Use `for ... in dataset:` to iterate over a dataset. If using `tf.estimator`, return the `Dataset` object directly from your input function. As a last resort, you can use `tf.compat.v1.data.make_initializable_iterator(dataset)`.
('trainset: 1966', 'validset: 656', 'testset: 654')
From C:\Users\wanyong\Desktop\models\water_imputation\models\ACTAN\transforms.py:39: The name tf.variable_scope is deprecated. Please use tf.compat.v1.variable_scope instead.

From C:\Users\wanyong\Desktop\models\water_imputation\models\ACTAN\transforms.py:39: The name tf.AUTO_REUSE is deprecated. Please use tf.compat.v1.AUTO_REUSE instead.

From C:\Users\wanyong\Desktop\models\water_imputation\models\ACTAN\transforms.py:505: The name tf.get_variable is deprecated. Please use tf.compat.v1.get_variable instead.

From C:\Users\wanyong\Desktop\models\water_imputation\models\acflow_classifier.py:76: The name tf.placeholder is deprecated. Please use tf.compat.v1.placeholder instead.


The TensorFlow contrib module will not be included in TensorFlow 2.0.
For more information, please see:
  * https://github.com/tensorflow/community/blob/master/rfcs/20180907-contrib-sunset.md
  * https://github.com/tensorflow/addons
  * https://github.com/tensorflow/io (for I/O related ops)
If you depend on functionality not listed there, please file an issue.

From F:\annoconda\envs\tf1.15\lib\site-packages\tensorflow_core\python\util\dispatch.py:180: batch_gather (from tensorflow.python.ops.array_ops) is deprecated and will be removed after 2017-10-25.
Instructions for updating:
`tf.batch_gather` is deprecated, please use `tf.gather` with `batch_dims=-1` instead.
From F:\annoconda\envs\tf1.15\lib\site-packages\tensorflow_core\python\ops\resource_variable_ops.py:1630: calling BaseResourceVariable.__init__ (from tensorflow.python.ops.resource_variable_ops) with constraint is deprecated and will be removed in a future version.
Instructions for updating:
If using Keras pass *_constraint arguments to layers.
From C:\Users\wanyong\Desktop\models\water_imputation\models\ACTAN\transforms.py:592: The name tf.matrix_diag is deprecated. Please use tf.linalg.diag instead.

From C:\Users\wanyong\Desktop\models\water_imputation\models\ACTAN\transforms.py:541: The name tf.matrix_band_part is deprecated. Please use tf.linalg.band_part instead.

From C:\Users\wanyong\Desktop\models\water_imputation\models\ACTAN\transforms.py:554: The name tf.log is deprecated. Please use tf.math.log instead.

From C:\Users\wanyong\Desktop\models\water_imputation\models\ACTAN\transforms.py:554: The name tf.matrix_diag_part is deprecated. Please use tf.linalg.diag_part instead.

From C:\Users\wanyong\Desktop\models\water_imputation\models\ACTAN\transforms.py:269: The name tf.mod is deprecated. Please use tf.math.mod instead.

From C:\Users\wanyong\Desktop\models\water_imputation\models\acflow_classifier.py:49: The name tf.random_uniform is deprecated. Please use tf.random.uniform instead.

From C:\Users\wanyong\Desktop\models\water_imputation\models\ACTAN\likelihood.py:243: multinomial (from tensorflow.python.ops.random_ops) is deprecated and will be removed in a future version.
Instructions for updating:
Use `tf.random.categorical` instead.
From C:\Users\wanyong\Desktop\models\water_imputation\models\ACTAN\likelihood.py:247: The name tf.random_normal is deprecated. Please use tf.random.normal instead.

From C:\Users\wanyong\Desktop\models\water_imputation\models\ACTAN\transforms.py:566: The name tf.matrix_triangular_solve is deprecated. Please use tf.linalg.triangular_solve instead.

From C:\Users\wanyong\Desktop\models\water_imputation\models\acflow_classifier.py:119: The name tf.summary.scalar is deprecated. Please use tf.compat.v1.summary.scalar instead.

From C:\Users\wanyong\Desktop\models\water_imputation\models\acflow_classifier.py:141: The name tf.train.get_or_create_global_step is deprecated. Please use tf.compat.v1.train.get_or_create_global_step instead.

From C:\Users\wanyong\Desktop\models\water_imputation\models\acflow_classifier.py:142: The name tf.train.inverse_time_decay is deprecated. Please use tf.compat.v1.train.inverse_time_decay instead.

From C:\Users\wanyong\Desktop\models\water_imputation\models\acflow_classifier.py:148: The name tf.train.AdamOptimizer is deprecated. Please use tf.compat.v1.train.AdamOptimizer instead.

From C:\Users\wanyong\Desktop\models\water_imputation\models\acflow_classifier.py:157: The name tf.trainable_variables is deprecated. Please use tf.compat.v1.trainable_variables instead.

From C:\Users\wanyong\Desktop\models\water_imputation\models\acflow_classifier.py:161: The name tf.check_numerics is deprecated. Please use tf.debugging.check_numerics instead.

From C:\Users\wanyong\Desktop\models\water_imputation\models\acflow_classifier.py:168: The name tf.summary.merge_all is deprecated. Please use tf.compat.v1.summary.merge_all instead.

From scripts/train_model.py:55: The name tf.global_variables_initializer is deprecated. Please use tf.compat.v1.global_variables_initializer instead.

From scripts/train_model.py:57: The name tf.train.Saver is deprecated. Please use tf.compat.v1.train.Saver instead.

From scripts/train_model.py:57: The name tf.global_variables is deprecated. Please use tf.compat.v1.global_variables instead.

From scripts/train_model.py:58: The name tf.summary.FileWriter is deprecated. Please use tf.compat.v1.summary.FileWriter instead.

====================
Variables:
[<tf.Variable 'trans/layer_1/linear_0/W:0' shape=(9, 9) dtype=float32_ref>,
 <tf.Variable 'trans/layer_1/linear_0/b:0' shape=(9,) dtype=float32_ref>,
 <tf.Variable 'trans/layer_1/lrelu_1/log_alpha:0' shape=() dtype=float32_ref>,
 <tf.Variable 'trans/layer_2/linear_0/W:0' shape=(9, 9) dtype=float32_ref>,
 <tf.Variable 'trans/layer_2/linear_0/b:0' shape=(9,) dtype=float32_ref>,
 <tf.Variable 'trans/layer_2/lrelu_1/log_alpha:0' shape=() dtype=float32_ref>,
 <tf.Variable 'trans/layer_3/linear_0/W:0' shape=(9, 9) dtype=float32_ref>,
 <tf.Variable 'trans/layer_3/linear_0/b:0' shape=(9,) dtype=float32_ref>,
 <tf.Variable 'trans/layer_3/lrelu_1/log_alpha:0' shape=() dtype=float32_ref>,
 <tf.Variable 'trans/layer_4/linear_0/W:0' shape=(9, 9) dtype=float32_ref>,
 <tf.Variable 'trans/layer_4/linear_0/b:0' shape=(9,) dtype=float32_ref>,
 <tf.Variable 'trans/layer_4/lrelu_1/log_alpha:0' shape=() dtype=float32_ref>,
 <tf.Variable 'trans_1/affine_0/ms/l0/kernel:0' shape=(29, 256) dtype=float32>,
 <tf.Variable 'trans_1/affine_0/ms/l0/bias:0' shape=(256,) dtype=float32>,
 <tf.Variable 'trans_1/affine_0/ms/l1/kernel:0' shape=(256, 256) dtype=float32>,
 <tf.Variable 'trans_1/affine_0/ms/l1/bias:0' shape=(256,) dtype=float32>,
 <tf.Variable 'trans_1/affine_0/ms/l2/kernel:0' shape=(256, 18) dtype=float32>,
 <tf.Variable 'trans_1/affine_0/ms/l2/bias:0' shape=(18,) dtype=float32>,
 <tf.Variable 'trans_1/layer_1/linear_0/wnn/l0/kernel:0' shape=(29, 256) dtype=float32>,
 <tf.Variable 'trans_1/layer_1/linear_0/wnn/l0/bias:0' shape=(256,) dtype=float32>,
 <tf.Variable 'trans_1/layer_1/linear_0/wnn/l1/kernel:0' shape=(256, 256) dtype=float32>,
 <tf.Variable 'trans_1/layer_1/linear_0/wnn/l1/bias:0' shape=(256,) dtype=float32>,
 <tf.Variable 'trans_1/layer_1/linear_0/wnn/l2/kernel:0' shape=(256, 162) dtype=float32>,
 <tf.Variable 'trans_1/layer_1/linear_0/wnn/l2/bias:0' shape=(162,) dtype=float32>,
 <tf.Variable 'trans_1/layer_1/linear_0/bnn/l0/kernel:0' shape=(29, 256) dtype=float32>,
 <tf.Variable 'trans_1/layer_1/linear_0/bnn/l0/bias:0' shape=(256,) dtype=float32>,
 <tf.Variable 'trans_1/layer_1/linear_0/bnn/l1/kernel:0' shape=(256, 256) dtype=float32>,
 <tf.Variable 'trans_1/layer_1/linear_0/bnn/l1/bias:0' shape=(256,) dtype=float32>,
 <tf.Variable 'trans_1/layer_1/linear_0/bnn/l2/kernel:0' shape=(256, 9) dtype=float32>,
 <tf.Variable 'trans_1/layer_1/linear_0/bnn/l2/bias:0' shape=(9,) dtype=float32>,
 <tf.Variable 'trans_1/layer_1/cp2_2/ms1/l0/kernel:0' shape=(47, 256) dtype=float32>,
 <tf.Variable 'trans_1/layer_1/cp2_2/ms1/l0/bias:0' shape=(256,) dtype=float32>,
 <tf.Variable 'trans_1/layer_1/cp2_2/ms1/l1/kernel:0' shape=(256, 256) dtype=float32>,
 <tf.Variable 'trans_1/layer_1/cp2_2/ms1/l1/bias:0' shape=(256,) dtype=float32>,
 <tf.Variable 'trans_1/layer_1/cp2_2/ms1/l2/kernel:0' shape=(256, 18) dtype=float32>,
 <tf.Variable 'trans_1/layer_1/cp2_2/ms1/l2/bias:0' shape=(18,) dtype=float32>,
 <tf.Variable 'trans_1/layer_1/cp2_2/ms2/l0/kernel:0' shape=(47, 256) dtype=float32>,
 <tf.Variable 'trans_1/layer_1/cp2_2/ms2/l0/bias:0' shape=(256,) dtype=float32>,
 <tf.Variable 'trans_1/layer_1/cp2_2/ms2/l1/kernel:0' shape=(256, 256) dtype=float32>,
 <tf.Variable 'trans_1/layer_1/cp2_2/ms2/l1/bias:0' shape=(256,) dtype=float32>,
 <tf.Variable 'trans_1/layer_1/cp2_2/ms2/l2/kernel:0' shape=(256, 18) dtype=float32>,
 <tf.Variable 'trans_1/layer_1/cp2_2/ms2/l2/bias:0' shape=(18,) dtype=float32>,
 <tf.Variable 'trans_1/layer_2/linear_0/wnn/l0/kernel:0' shape=(29, 256) dtype=float32>,
 <tf.Variable 'trans_1/layer_2/linear_0/wnn/l0/bias:0' shape=(256,) dtype=float32>,
 <tf.Variable 'trans_1/layer_2/linear_0/wnn/l1/kernel:0' shape=(256, 256) dtype=float32>,
 <tf.Variable 'trans_1/layer_2/linear_0/wnn/l1/bias:0' shape=(256,) dtype=float32>,
 <tf.Variable 'trans_1/layer_2/linear_0/wnn/l2/kernel:0' shape=(256, 162) dtype=float32>,
 <tf.Variable 'trans_1/layer_2/linear_0/wnn/l2/bias:0' shape=(162,) dtype=float32>,
 <tf.Variable 'trans_1/layer_2/linear_0/bnn/l0/kernel:0' shape=(29, 256) dtype=float32>,
 <tf.Variable 'trans_1/layer_2/linear_0/bnn/l0/bias:0' shape=(256,) dtype=float32>,
 <tf.Variable 'trans_1/layer_2/linear_0/bnn/l1/kernel:0' shape=(256, 256) dtype=float32>,
 <tf.Variable 'trans_1/layer_2/linear_0/bnn/l1/bias:0' shape=(256,) dtype=float32>,
 <tf.Variable 'trans_1/layer_2/linear_0/bnn/l2/kernel:0' shape=(256, 9) dtype=float32>,
 <tf.Variable 'trans_1/layer_2/linear_0/bnn/l2/bias:0' shape=(9,) dtype=float32>,
 <tf.Variable 'trans_1/layer_2/cp2_2/ms1/l0/kernel:0' shape=(47, 256) dtype=float32>,
 <tf.Variable 'trans_1/layer_2/cp2_2/ms1/l0/bias:0' shape=(256,) dtype=float32>,
 <tf.Variable 'trans_1/layer_2/cp2_2/ms1/l1/kernel:0' shape=(256, 256) dtype=float32>,
 <tf.Variable 'trans_1/layer_2/cp2_2/ms1/l1/bias:0' shape=(256,) dtype=float32>,
 <tf.Variable 'trans_1/layer_2/cp2_2/ms1/l2/kernel:0' shape=(256, 18) dtype=float32>,
 <tf.Variable 'trans_1/layer_2/cp2_2/ms1/l2/bias:0' shape=(18,) dtype=float32>,
 <tf.Variable 'trans_1/layer_2/cp2_2/ms2/l0/kernel:0' shape=(47, 256) dtype=float32>,
 <tf.Variable 'trans_1/layer_2/cp2_2/ms2/l0/bias:0' shape=(256,) dtype=float32>,
 <tf.Variable 'trans_1/layer_2/cp2_2/ms2/l1/kernel:0' shape=(256, 256) dtype=float32>,
 <tf.Variable 'trans_1/layer_2/cp2_2/ms2/l1/bias:0' shape=(256,) dtype=float32>,
 <tf.Variable 'trans_1/layer_2/cp2_2/ms2/l2/kernel:0' shape=(256, 18) dtype=float32>,
 <tf.Variable 'trans_1/layer_2/cp2_2/ms2/l2/bias:0' shape=(18,) dtype=float32>,
 <tf.Variable 'trans_1/layer_3/linear_0/wnn/l0/kernel:0' shape=(29, 256) dtype=float32>,
 <tf.Variable 'trans_1/layer_3/linear_0/wnn/l0/bias:0' shape=(256,) dtype=float32>,
 <tf.Variable 'trans_1/layer_3/linear_0/wnn/l1/kernel:0' shape=(256, 256) dtype=float32>,
 <tf.Variable 'trans_1/layer_3/linear_0/wnn/l1/bias:0' shape=(256,) dtype=float32>,
 <tf.Variable 'trans_1/layer_3/linear_0/wnn/l2/kernel:0' shape=(256, 162) dtype=float32>,
 <tf.Variable 'trans_1/layer_3/linear_0/wnn/l2/bias:0' shape=(162,) dtype=float32>,
 <tf.Variable 'trans_1/layer_3/linear_0/bnn/l0/kernel:0' shape=(29, 256) dtype=float32>,
 <tf.Variable 'trans_1/layer_3/linear_0/bnn/l0/bias:0' shape=(256,) dtype=float32>,
 <tf.Variable 'trans_1/layer_3/linear_0/bnn/l1/kernel:0' shape=(256, 256) dtype=float32>,
 <tf.Variable 'trans_1/layer_3/linear_0/bnn/l1/bias:0' shape=(256,) dtype=float32>,
 <tf.Variable 'trans_1/layer_3/linear_0/bnn/l2/kernel:0' shape=(256, 9) dtype=float32>,
 <tf.Variable 'trans_1/layer_3/linear_0/bnn/l2/bias:0' shape=(9,) dtype=float32>,
 <tf.Variable 'trans_1/layer_3/cp2_2/ms1/l0/kernel:0' shape=(47, 256) dtype=float32>,
 <tf.Variable 'trans_1/layer_3/cp2_2/ms1/l0/bias:0' shape=(256,) dtype=float32>,
 <tf.Variable 'trans_1/layer_3/cp2_2/ms1/l1/kernel:0' shape=(256, 256) dtype=float32>,
 <tf.Variable 'trans_1/layer_3/cp2_2/ms1/l1/bias:0' shape=(256,) dtype=float32>,
 <tf.Variable 'trans_1/layer_3/cp2_2/ms1/l2/kernel:0' shape=(256, 18) dtype=float32>,
 <tf.Variable 'trans_1/layer_3/cp2_2/ms1/l2/bias:0' shape=(18,) dtype=float32>,
 <tf.Variable 'trans_1/layer_3/cp2_2/ms2/l0/kernel:0' shape=(47, 256) dtype=float32>,
 <tf.Variable 'trans_1/layer_3/cp2_2/ms2/l0/bias:0' shape=(256,) dtype=float32>,
 <tf.Variable 'trans_1/layer_3/cp2_2/ms2/l1/kernel:0' shape=(256, 256) dtype=float32>,
 <tf.Variable 'trans_1/layer_3/cp2_2/ms2/l1/bias:0' shape=(256,) dtype=float32>,
 <tf.Variable 'trans_1/layer_3/cp2_2/ms2/l2/kernel:0' shape=(256, 18) dtype=float32>,
 <tf.Variable 'trans_1/layer_3/cp2_2/ms2/l2/bias:0' shape=(18,) dtype=float32>,
 <tf.Variable 'trans_1/layer_4/linear_0/wnn/l0/kernel:0' shape=(29, 256) dtype=float32>,
 <tf.Variable 'trans_1/layer_4/linear_0/wnn/l0/bias:0' shape=(256,) dtype=float32>,
 <tf.Variable 'trans_1/layer_4/linear_0/wnn/l1/kernel:0' shape=(256, 256) dtype=float32>,
 <tf.Variable 'trans_1/layer_4/linear_0/wnn/l1/bias:0' shape=(256,) dtype=float32>,
 <tf.Variable 'trans_1/layer_4/linear_0/wnn/l2/kernel:0' shape=(256, 162) dtype=float32>,
 <tf.Variable 'trans_1/layer_4/linear_0/wnn/l2/bias:0' shape=(162,) dtype=float32>,
 <tf.Variable 'trans_1/layer_4/linear_0/bnn/l0/kernel:0' shape=(29, 256) dtype=float32>,
 <tf.Variable 'trans_1/layer_4/linear_0/bnn/l0/bias:0' shape=(256,) dtype=float32>,
 <tf.Variable 'trans_1/layer_4/linear_0/bnn/l1/kernel:0' shape=(256, 256) dtype=float32>,
 <tf.Variable 'trans_1/layer_4/linear_0/bnn/l1/bias:0' shape=(256,) dtype=float32>,
 <tf.Variable 'trans_1/layer_4/linear_0/bnn/l2/kernel:0' shape=(256, 9) dtype=float32>,
 <tf.Variable 'trans_1/layer_4/linear_0/bnn/l2/bias:0' shape=(9,) dtype=float32>,
 <tf.Variable 'trans_1/layer_4/cp2_2/ms1/l0/kernel:0' shape=(47, 256) dtype=float32>,
 <tf.Variable 'trans_1/layer_4/cp2_2/ms1/l0/bias:0' shape=(256,) dtype=float32>,
 <tf.Variable 'trans_1/layer_4/cp2_2/ms1/l1/kernel:0' shape=(256, 256) dtype=float32>,
 <tf.Variable 'trans_1/layer_4/cp2_2/ms1/l1/bias:0' shape=(256,) dtype=float32>,
 <tf.Variable 'trans_1/layer_4/cp2_2/ms1/l2/kernel:0' shape=(256, 18) dtype=float32>,
 <tf.Variable 'trans_1/layer_4/cp2_2/ms1/l2/bias:0' shape=(18,) dtype=float32>,
 <tf.Variable 'trans_1/layer_4/cp2_2/ms2/l0/kernel:0' shape=(47, 256) dtype=float32>,
 <tf.Variable 'trans_1/layer_4/cp2_2/ms2/l0/bias:0' shape=(256,) dtype=float32>,
 <tf.Variable 'trans_1/layer_4/cp2_2/ms2/l1/kernel:0' shape=(256, 256) dtype=float32>,
 <tf.Variable 'trans_1/layer_4/cp2_2/ms2/l1/bias:0' shape=(256,) dtype=float32>,
 <tf.Variable 'trans_1/layer_4/cp2_2/ms2/l2/kernel:0' shape=(256, 18) dtype=float32>,
 <tf.Variable 'trans_1/layer_4/cp2_2/ms2/l2/bias:0' shape=(18,) dtype=float32>,
 <tf.Variable 'trans_1/affine_5/ms/l0/kernel:0' shape=(29, 256) dtype=float32>,
 <tf.Variable 'trans_1/affine_5/ms/l0/bias:0' shape=(256,) dtype=float32>,
 <tf.Variable 'trans_1/affine_5/ms/l1/kernel:0' shape=(256, 256) dtype=float32>,
 <tf.Variable 'trans_1/affine_5/ms/l1/bias:0' shape=(256,) dtype=float32>,
 <tf.Variable 'trans_1/affine_5/ms/l2/kernel:0' shape=(256, 18) dtype=float32>,
 <tf.Variable 'trans_1/affine_5/ms/l2/bias:0' shape=(18,) dtype=float32>,
 <tf.Variable 'prior_1/rnn_cell/kernel:0' shape=(30, 768) dtype=float32>,
 <tf.Variable 'prior_1/rnn_cell/recurrent_kernel:0' shape=(256, 768) dtype=float32>,
 <tf.Variable 'prior_1/rnn_cell/bias:0' shape=(768,) dtype=float32>,
 <tf.Variable 'prior_1/rnn_cell/kernel_1:0' shape=(256, 768) dtype=float32>,
 <tf.Variable 'prior_1/rnn_cell/recurrent_kernel_1:0' shape=(256, 768) dtype=float32>,
 <tf.Variable 'prior_1/rnn_cell/bias_1:0' shape=(768,) dtype=float32>,
 <tf.Variable 'prior_1/rnn_out/l0/kernel:0' shape=(285, 256) dtype=float32>,
 <tf.Variable 'prior_1/rnn_out/l0/bias:0' shape=(256,) dtype=float32>,
 <tf.Variable 'prior_1/rnn_out/l1/kernel:0' shape=(256, 256) dtype=float32>,
 <tf.Variable 'prior_1/rnn_out/l1/bias:0' shape=(256,) dtype=float32>,
 <tf.Variable 'prior_1/rnn_out/l2/kernel:0' shape=(256, 120) dtype=float32>,
 <tf.Variable 'prior_1/rnn_out/l2/bias:0' shape=(120,) dtype=float32>]
TOTAL TENSORS: 132 TOTAL PARAMS: 2.366020[M]
====================
starting training
Epoch 0, train: (current: 0.4949, best: 0.4949) valid: (current: 0.5518, best: 0.5518) test: (current: 0.5107, best: 0.5107)
Epoch 1, train: (current: 0.5595, best: 0.5595) valid: (current: 0.5716, best: 0.5716) test: (current: 0.5199, best: 0.5199)
Epoch 2, train: (current: 0.5717, best: 0.5717) valid: (current: 0.5198, best: 0.5716) test: (current: 0.5275, best: 0.5275)
Epoch 3, train: (current: 0.5473, best: 0.5717) valid: (current: 0.5152, best: 0.5716) test: (current: 0.4985, best: 0.5275)
Epoch 4, train: (current: 0.5621, best: 0.5717) valid: (current: 0.5610, best: 0.5716) test: (current: 0.5122, best: 0.5275)
Epoch 5, train: (current: 0.5829, best: 0.5829) valid: (current: 0.5655, best: 0.5716) test: (current: 0.4924, best: 0.5275)
Epoch 6, train: (current: 0.5656, best: 0.5829) valid: (current: 0.5625, best: 0.5716) test: (current: 0.5183, best: 0.5275)
Epoch 7, train: (current: 0.5758, best: 0.5829) valid: (current: 0.5534, best: 0.5716) test: (current: 0.5107, best: 0.5275)
Epoch 8, train: (current: 0.5712, best: 0.5829) valid: (current: 0.5899, best: 0.5899) test: (current: 0.4985, best: 0.5275)
Epoch 9, train: (current: 0.5727, best: 0.5829) valid: (current: 0.5838, best: 0.5899) test: (current: 0.5031, best: 0.5275)
Epoch 10, train: (current: 0.5809, best: 0.5829) valid: (current: 0.6052, best: 0.6052) test: (current: 0.4939, best: 0.5275)
Epoch 11, train: (current: 0.5931, best: 0.5931) valid: (current: 0.5884, best: 0.6052) test: (current: 0.5138, best: 0.5275)
Epoch 12, train: (current: 0.5972, best: 0.5972) valid: (current: 0.5854, best: 0.6052) test: (current: 0.5306, best: 0.5306)
Epoch 13, train: (current: 0.6048, best: 0.6048) valid: (current: 0.6204, best: 0.6204) test: (current: 0.4969, best: 0.5306)
Epoch 14, train: (current: 0.6033, best: 0.6048) valid: (current: 0.5686, best: 0.6204) test: (current: 0.5122, best: 0.5306)
Epoch 15, train: (current: 0.5855, best: 0.6048) valid: (current: 0.5716, best: 0.6204) test: (current: 0.5107, best: 0.5306)
Epoch 16, train: (current: 0.5916, best: 0.6048) valid: (current: 0.5671, best: 0.6204) test: (current: 0.4985, best: 0.5306)
Epoch 17, train: (current: 0.5804, best: 0.6048) valid: (current: 0.5549, best: 0.6204) test: (current: 0.4801, best: 0.5306)
Epoch 18, train: (current: 0.5539, best: 0.6048) valid: (current: 0.5534, best: 0.6204) test: (current: 0.4954, best: 0.5306)
Epoch 19, train: (current: 0.5809, best: 0.6048) valid: (current: 0.6037, best: 0.6204) test: (current: 0.5153, best: 0.5306)
Epoch 20, train: (current: 0.5641, best: 0.6048) valid: (current: 0.5549, best: 0.6204) test: (current: 0.4969, best: 0.5306)
Epoch 21, train: (current: 0.5504, best: 0.6048) valid: (current: 0.5564, best: 0.6204) test: (current: 0.5092, best: 0.5306)
